DNS Query Rate Monitor (using bpftool)
Press Ctrl+C to exit
[H[2J[3J=== DNS Query Statistics - Tuesday 02 September 2025 01:02:17 PM IST ===

Map IDs found: Total=561
773, Type=562
774, Rate=560
772

=== Total Queries Per Minute ===

=== Queries By Type ===

=== Query Rate (per domain) - First 5 entries ===

=== Refresh in 5 seconds ===
[H[2J[3J=== DNS Query Statistics - Tuesday 02 September 2025 01:02:22 PM IST ===

Map IDs found: Total=561
773, Type=562
774, Rate=560
772

=== Total Queries Per Minute ===

=== Queries By Type ===

=== Query Rate (per domain) - First 5 entries ===

=== Refresh in 5 seconds ===
[H[2J[3J=== DNS Query Statistics - Tuesday 02 September 2025 01:02:28 PM IST ===

Map IDs found: Total=561
773, Type=562
774, Rate=560
772

=== Total Queries Per Minute ===

=== Queries By Type ===

=== Query Rate (per domain) - First 5 entries ===

=== Refresh in 5 seconds ===
[H[2J[3J=== DNS Query Statistics - Tuesday 02 September 2025 01:02:33 PM IST ===

Map IDs found: Total=561
773, Type=562
774, Rate=560
772

=== Total Queries Per Minute ===

=== Queries By Type ===

=== Query Rate (per domain) - First 5 entries ===

=== Refresh in 5 seconds ===
[H[2J[3J=== DNS Query Statistics - Tuesday 02 September 2025 01:02:39 PM IST ===

Map IDs found: Total=561
773, Type=562
774, Rate=560
772

=== Total Queries Per Minute ===

=== Queries By Type ===

=== Query Rate (per domain) - First 5 entries ===

=== Refresh in 5 seconds ===
[H[2J[3J=== DNS Query Statistics - Tuesday 02 September 2025 01:02:44 PM IST ===

Map IDs found: Total=561
773, Type=562
774, Rate=560
772

=== Total Queries Per Minute ===

=== Queries By Type ===

=== Query Rate (per domain) - First 5 entries ===

=== Refresh in 5 seconds ===
[H[2J[3J=== DNS Query Statistics - Tuesday 02 September 2025 01:02:50 PM IST ===

Map IDs found: Total=561
773, Type=562
774, Rate=560
772

=== Total Queries Per Minute ===

=== Queries By Type ===

=== Query Rate (per domain) - First 5 entries ===

=== Refresh in 5 seconds ===
[H[2J[3J=== DNS Query Statistics - Tuesday 02 September 2025 01:02:55 PM IST ===

Map IDs found: Total=561
773, Type=562
774, Rate=560
772

=== Total Queries Per Minute ===

=== Queries By Type ===

=== Query Rate (per domain) - First 5 entries ===

=== Refresh in 5 seconds ===
[H[2J[3J=== DNS Query Statistics - Tuesday 02 September 2025 01:03:01 PM IST ===

Map IDs found: Total=561
773, Type=562
774, Rate=560
772

=== Total Queries Per Minute ===

=== Queries By Type ===

=== Query Rate (per domain) - First 5 entries ===

=== Refresh in 5 seconds ===
[H[2J[3J=== DNS Query Statistics - Tuesday 02 September 2025 01:03:06 PM IST ===

Map IDs found: Total=561
773, Type=562
774, Rate=560
772

=== Total Queries Per Minute ===

=== Queries By Type ===

=== Query Rate (per domain) - First 5 entries ===

=== Refresh in 5 seconds ===
[H[2J[3J=== DNS Query Statistics - Tuesday 02 September 2025 01:03:12 PM IST ===

Map IDs found: Total=561
773, Type=562
774, Rate=560
772

=== Total Queries Per Minute ===

=== Queries By Type ===

=== Query Rate (per domain) - First 5 entries ===

=== Refresh in 5 seconds ===
[H[2J[3J=== DNS Query Statistics - Tuesday 02 September 2025 01:03:18 PM IST ===

Map IDs found: Total=561
773, Type=562
774, Rate=560
772

=== Total Queries Per Minute ===

=== Queries By Type ===

=== Query Rate (per domain) - First 5 entries ===

=== Refresh in 5 seconds ===
[H[2J[3J=== DNS Query Statistics - Tuesday 02 September 2025 01:03:24 PM IST ===

Map IDs found: Total=561
773, Type=562
774, Rate=560
772

=== Total Queries Per Minute ===

=== Queries By Type ===

=== Query Rate (per domain) - First 5 entries ===

=== Refresh in 5 seconds ===
[H[2J[3J=== DNS Query Statistics - Tuesday 02 September 2025 01:03:29 PM IST ===

Map IDs found: Total=561
773, Type=562
774, Rate=560
772

=== Total Queries Per Minute ===

=== Queries By Type ===

=== Query Rate (per domain) - First 5 entries ===

=== Refresh in 5 seconds ===
[H[2J[3J=== DNS Query Statistics - Tuesday 02 September 2025 01:03:35 PM IST ===

Map IDs found: Total=561
773, Type=562
774, Rate=560
772

=== Total Queries Per Minute ===

=== Queries By Type ===

=== Query Rate (per domain) - First 5 entries ===

=== Refresh in 5 seconds ===
[H[2J[3J=== DNS Query Statistics - Tuesday 02 September 2025 01:03:41 PM IST ===

Map IDs found: Total=561
773, Type=562
774, Rate=560
772

=== Total Queries Per Minute ===

=== Queries By Type ===

=== Query Rate (per domain) - First 5 entries ===

=== Refresh in 5 seconds ===
